<?xml version="1.0" encoding="UTF-8"?>
<!-- Generated by org.testng.reporters.JUnitReportReporter -->
<testsuite skipped="0" hostname="PANIGRAP8" name="deSerializingTest.DeSerilizeTest" tests="1" failures="0" timestamp="28 Jun 2020 14:35:44 GMT" time="4.979" errors="0">
  <testcase name="deSerTest" time="4.979" classname="deSerializingTest.DeSerilizeTest"/>
</testsuite> <!-- deSerializingTest.DeSerilizeTest -->
