<?xml version="1.0" encoding="UTF-8"?>
<!-- Generated by org.testng.reporters.JUnitReportReporter -->
<testsuite skipped="0" hostname="PANIGRAP8" name="hp.Seals.APITest.MaintenanceTaskAPI" tests="1" failures="0" timestamp="28 Aug 2020 08:15:06 GMT" time="8.365" errors="0">
  <testcase name="getMaintenance_progress_Percentage" time="8.365" classname="hp.Seals.APITest.MaintenanceTaskAPI"/>
</testsuite> <!-- hp.Seals.APITest.MaintenanceTaskAPI -->
