<?xml version="1.0" encoding="UTF-8"?>
<!-- Generated by org.testng.reporters.JUnitReportReporter -->
<testsuite skipped="0" hostname="PANIGRAP8" name="apiTest.LoginTest" tests="1" failures="0" timestamp="27 Jun 2020 19:14:10 GMT" time="0.021" errors="0">
  <testcase name="loginTest" time="0.021" classname="apiTest.LoginTest"/>
</testsuite> <!-- apiTest.LoginTest -->
