<?xml version="1.0" encoding="UTF-8"?>
<!-- Generated by org.testng.reporters.JUnitReportReporter -->
<testsuite skipped="0" hostname="PANIGRAP8" name="hp.Seals.APITest.SealsApiTest" tests="1" failures="0" timestamp="28 Aug 2020 08:05:49 GMT" time="6.507" errors="0">
  <testcase name="getPrintHeadDetails_Ink_Used" time="6.507" classname="hp.Seals.APITest.SealsApiTest"/>
</testsuite> <!-- hp.Seals.APITest.SealsApiTest -->
