<?xml version="1.0" encoding="UTF-8"?>
<!-- Generated by org.testng.reporters.JUnitReportReporter -->
<testsuite skipped="0" hostname="PANIGRAP8" name="apiTest.SealsApiTest" tests="3" failures="0" timestamp="29 Jun 2020 19:53:18 GMT" time="8.168" errors="0">
  <testcase name="getPrintHeadDetails_APITest" time="6.770" classname="apiTest.SealsApiTest"/>
  <testcase name="getPrintHead_APITest" time="1.359" classname="apiTest.SealsApiTest"/>
  <testcase name="baseTest" time="0.039" classname="apiTest.SealsApiTest"/>
</testsuite> <!-- apiTest.SealsApiTest -->
