<?xml version="1.0" encoding="UTF-8"?>
<!-- Generated by org.testng.reporters.JUnitReportReporter -->
<testsuite skipped="0" hostname="PANIGRAP8" name="baseTest.BaseTest" tests="1" failures="0" timestamp="31 Aug 2020 09:56:27 GMT" time="0.049" errors="0">
  <testcase name="utilsTest" time="0.049" classname="baseTest.BaseTest"/>
</testsuite> <!-- baseTest.BaseTest -->
