<?xml version="1.0" encoding="UTF-8"?>
<!-- Generated by org.testng.reporters.JUnitReportReporter -->
<testsuite skipped="0" hostname="PANIGRAP8" name="apiTest.SerTest" tests="1" failures="0" timestamp="27 Jun 2020 18:21:26 GMT" time="6.247" errors="0">
  <testcase name="SerTest" time="6.247" classname="apiTest.SerTest"/>
</testsuite> <!-- apiTest.SerTest -->
