<?xml version="1.0" encoding="UTF-8"?>
<!-- Generated by org.testng.reporters.JUnitReportReporter -->
<testsuite skipped="0" hostname="PANIGRAP8" name="pojo.deSerializingTest.DeSerilizeTest" tests="1" failures="0" timestamp="29 Jun 2020 19:55:51 GMT" time="6.087" errors="0">
  <testcase name="deSerTest" time="6.087" classname="pojo.deSerializingTest.DeSerilizeTest"/>
</testsuite> <!-- pojo.deSerializingTest.DeSerilizeTest -->
