<?xml version="1.0" encoding="UTF-8"?>
<!-- Generated by org.testng.reporters.JUnitReportReporter -->
<testsuite skipped="0" hostname="PANIGRAP8" name="apiTest.PostApiTest" tests="1" failures="0" timestamp="27 Jun 2020 21:34:28 GMT" time="6.303" errors="0">
  <testcase name="reqBin_PostAPITest" time="6.303" classname="apiTest.PostApiTest"/>
</testsuite> <!-- apiTest.PostApiTest -->
