<?xml version="1.0" encoding="UTF-8"?>
<!-- Generated by org.testng.reporters.JUnitReportReporter -->
<testsuite skipped="0" hostname="PANIGRAP8" name="hp.Seals.APITest.MaintenanceTaskAPITest" tests="1" failures="0" timestamp="31 Aug 2020 10:29:58 GMT" time="30.293" errors="0">
  <testcase name="getMaintenance_progress_Percentage" time="30.293" classname="hp.Seals.APITest.MaintenanceTaskAPITest"/>
</testsuite> <!-- hp.Seals.APITest.MaintenanceTaskAPITest -->
