<?xml version="1.0" encoding="UTF-8"?>
<!-- Generated by org.testng.reporters.JUnitReportReporter -->
<testsuite skipped="0" hostname="PANIGRAP8" name="hp.Seals.APITest.SealsApiTest" tests="4" failures="0" timestamp="31 Aug 2020 10:29:58 GMT" time="105.440" errors="0">
  <testcase name="getPrintHeadDetails_warranty_status" time="7.810" classname="hp.Seals.APITest.SealsApiTest"/>
  <testcase name="getPrintHeadDetails_Ink_Used_Units" time="56.032" classname="hp.Seals.APITest.SealsApiTest"/>
  <testcase name="getPrintHeadDetails_event_TYPE" time="20.576" classname="hp.Seals.APITest.SealsApiTest"/>
  <testcase name="getErrorEventsAPI_InvalidErrorCode" time="21.022" classname="hp.Seals.APITest.SealsApiTest"/>
</testsuite> <!-- hp.Seals.APITest.SealsApiTest -->
